<?xml version="1.0" encoding="UTF-8"?>
<!-- Generated by org.testng.reporters.JUnitReportReporter -->
<testsuite skipped="0" hostname="W-JMALLE" name="CucumberOptions.TestRunner" tests="2" failures="0" timestamp="2020-10-11T13:32:54 CEST" time="47.056" errors="0">
  <testcase name="runScenario" time="25.092" classname="CucumberOptions.TestRunner"/>
  <system-out/>
  <testcase name="runScenario" time="21.964" classname="CucumberOptions.TestRunner"/>
  <system-out/>
</testsuite> <!-- CucumberOptions.TestRunner -->
