<?xml version="1.0" encoding="UTF-8"?>
<!-- Generated by org.testng.reporters.JUnitReportReporter -->
<testsuite skipped="0" hostname="W-JMALLE" name="Academy.E2EProject.ValidateNavBar" tests="1" failures="0" timestamp="2020-10-07T15:47:44 CEST" time="0.549" errors="0">
  <testcase name="basePageNavigation" time="0.549" classname="Academy.E2EProject.ValidateNavBar"/>
  <system-out/>
</testsuite> <!-- Academy.E2EProject.ValidateNavBar -->
