<?xml version="1.0" encoding="UTF-8"?>
<!-- Generated by org.testng.reporters.JUnitReportReporter -->
<testsuite skipped="0" hostname="W-JMALLE" name="Academy.E2EProject.HomePage" tests="2" failures="0" timestamp="2020-10-07T15:47:44 CEST" time="16.115" errors="0">
  <testcase name="basePageNavigation" time="5.158" classname="Academy.E2EProject.HomePage"/>
  <system-out/>
  <testcase name="basePageNavigation" time="10.957" classname="Academy.E2EProject.HomePage"/>
  <system-out/>
</testsuite> <!-- Academy.E2EProject.HomePage -->
