<?xml version="1.0" encoding="UTF-8"?>
<!-- Generated by org.testng.reporters.JUnitReportReporter -->
<testsuite skipped="0" hostname="W-JMALLE" name="CucumberOptions.TestRunner" tests="2" failures="0" timestamp="2020-10-11T13:40:37 CEST" time="45.224" errors="0">
  <testcase name="runScenario" time="23.444" classname="CucumberOptions.TestRunner"/>
  <system-out/>
  <testcase name="runScenario" time="21.780" classname="CucumberOptions.TestRunner"/>
  <system-out/>
</testsuite> <!-- CucumberOptions.TestRunner -->
